<?xml version="1.0" encoding="UTF-8"?>
<!-- Generated by org.testng.reporters.JUnitReportReporter -->
<testsuite skipped="0" hostname="www-PC" name="MedeilLogin.Login" tests="2" failures="0" timestamp="2022-03-14T14:53:05 IST" time="71.679" errors="0">
  <testcase name="a_login" time="9.749" classname="MedeilLogin.Login"/>
  <system-out/>
  <testcase name="b_addemployee" time="61.930" classname="MedeilLogin.Login"/>
  <system-out/>
</testsuite> <!-- MedeilLogin.Login -->
