<?xml version="1.0" encoding="UTF-8"?>
<!-- Generated by org.testng.reporters.JUnitReportReporter -->
<testsuite skipped="0" hostname="www-PC" name="MedeilLogin.Login" tests="2" failures="0" timestamp="2022-03-23T11:38:01 IST" time="70.369" errors="0">
  <testcase name="b_addemployee" time="59.970" classname="MedeilLogin.Login"/>
  <system-out/>
  <testcase name="a_login" time="10.399" classname="MedeilLogin.Login"/>
  <system-out/>
</testsuite> <!-- MedeilLogin.Login -->
