<?xml version="1.0" encoding="UTF-8"?>
<!-- Generated by org.testng.reporters.JUnitReportReporter -->
<testsuite skipped="0" hostname="www-PC" name="MedeilLogin.Login" tests="2" failures="0" timestamp="2022-03-16T15:40:00 IST" time="72.563" errors="0">
  <testcase name="b_addemployee" time="63.000" classname="MedeilLogin.Login"/>
  <system-out/>
  <testcase name="a_login" time="9.563" classname="MedeilLogin.Login"/>
  <system-out/>
</testsuite> <!-- MedeilLogin.Login -->
